<?xml version="1.0" encoding="utf-8"?><testsuites name="pytest tests"><testsuite name="pytest" errors="0" failures="0" skipped="0" tests="13" time="5.077" timestamp="2026-08-25T13:15:58.596073+00:00" hostname="agent-env-514f6055-eac2-4711-a5a1-e530057e8653"><testcase classname="tests.test_sesi_2026_06_papan_manajer.TestWaitingBoardsPayload" name="test_boards_shape[admin]" time="1.702" /><testcase classname="tests.test_sesi_2026_06_papan_manajer.TestExtraBoardsWithProbes" name="test_probe_rows_visible[admin]" time="1.770" /><testcase classname="tests.test_sesi_2026_06_papan_manajer.TestWaitingBoardsPayload" name="test_boards_shape[manager]" time="0.192" /><testcase classname="tests.test_sesi_2026_06_papan_manajer.TestExtraBoardsWithProbes" name="test_probe_rows_visible[manager]" time="0.158" /><testcase classname="tests.test_sesi_2026_06_papan_manajer.TestWaitingBoardsPayload" name="test_count_matches_approval_queue[admin]" time="0.152" /><testcase classname="tests.test_sesi_2026_06_papan_manajer.TestExtraBoardsWithProbes" name="test_cleanup_returns_boards_to_zero" time="0.165" /><testcase classname="tests.test_sesi_2026_06_papan_manajer.TestWaitingBoardsPayload" name="test_count_matches_approval_queue[manager]" time="0.165" /><testcase classname="tests.test_sesi_2026_06_papan_manajer.TestOtherRoleHomes" name="test_role_home_loads[finance@kainnusantara.id-admin]" time="0.511" /><testcase classname="tests.test_sesi_2026_06_papan_manajer.TestWaitingBoardsPayload" name="test_admin_and_manager_identical_boards" time="0.524" /><testcase classname="tests.test_sesi_2026_06_papan_manajer.TestOtherRoleHomes" name="test_role_home_loads[sales@kainnusantara.id-sales]" time="0.629" /><testcase classname="tests.test_sesi_2026_06_papan_manajer.TestWaitingBoardsPayload" name="test_demo_special_order_row" time="0.366" /><testcase classname="tests.test_sesi_2026_06_papan_manajer.TestLotStatusHistoryShape" name="test_lot_history_canonical" time="1.586" /><testcase classname="tests.test_sesi_2026_06_papan_manajer.TestOtherRoleHomes" name="test_role_home_loads[warehouse@kainnusantara.id-admin]" time="0.557" /></testsuite></testsuites>